<!DOCTYPE html PUBLIC "-//W3C//DTD XHTML 1.1//EN" "http://www.w3.org/TR/xhtml11/DTD/xhtml11.dtd">
<html xmlns="http://www.w3.org/1999/xhtml">
<head>
<meta http-equiv="content-type" content="text/html; charset=UTF-8"/>
<title>TestNG Report</title>
<style type="text/css">table {margin-bottom:10px;border-collapse:collapse;empty-cells:show}th,td {border:1px solid #009;padding:.25em .5em}th {vertical-align:bottom}td {vertical-align:top}table a {font-weight:bold}.stripe td {background-color: #E6EBF9}.num {text-align:right}.passedodd td {background-color: #3F3}.passedeven td {background-color: #0A0}.skippedodd td {background-color: #DDD}.skippedeven td {background-color: #CCC}.failedodd td,.attn {background-color: #F33}.failedeven td,.stripe .attn {background-color: #D00}.stacktrace {white-space:pre;font-family:monospace}.totop {font-size:85%;text-align:center;border-bottom:2px solid #000}.invisible {display:none}</style>
</head>
<body>
<table>
<tr><th>Test</th><th># Passed</th><th># Skipped</th><th># Failed</th><th>Time (ms)</th><th>Included Groups</th><th>Excluded Groups</th></tr>
<tr><th colspan="7">Suite</th></tr>
<tr><td><a href="#t0">Test</a></td><td class="num">2</td><td class="num">0</td><td class="num attn">2</td><td class="num">148,588</td><td></td><td></td></tr>
</table>
<table id='summary'><thead><tr><th>Class</th><th>Method</th><th>Start</th><th>Time (ms)</th></tr></thead><tbody><tr><th colspan="4">Suite</th></tr></tbody><tbody id="t0"><tr><th colspan="4">Test &#8212; failed</th></tr><tr class="failedeven"><td rowspan="1">com.actitime.tests.Demo</td><td><a href="#m0">testA</a></td><td rowspan="1">1575811351159</td><td rowspan="1">21</td></tr><tr class="failedodd"><td rowspan="1">com.actitime.tests.ValidLoginLogoutTest</td><td><a href="#m1">testValidLoginLogout</a></td><td rowspan="1">1575811375409</td><td rowspan="1">12291</td></tr><tr><th colspan="4">Test &#8212; passed</th></tr><tr class="passedeven"><td rowspan="1">com.actitime.tests.InvalidLoginTest</td><td><a href="#m2">testInvalidLogin</a></td><td rowspan="1">1575811414515</td><td rowspan="1">21089</td></tr><tr class="passedodd"><td rowspan="1">com.actitime.tests.VerifyVersionTest</td><td><a href="#m3">testVerifyVersion</a></td><td rowspan="1">1575811466540</td><td rowspan="1">194</td></tr></tbody>
</table>
<h2>Test</h2><h3 id="m0">com.actitime.tests.Demo#testA</h3><table class="result"><tr><th>Messages</th></tr><tr><td><div class="messages">Hi..!</div></td></tr><tr><th>Exception</th></tr><tr><td><div class="stacktrace">java.lang.AssertionError: null
	at com.actitime.tests.Demo.testA(Demo.java:15)
... Removed 27 stack frames</div></td></tr></table><p class="totop"><a href="#summary">back to summary</a></p>
<h3 id="m1">com.actitime.tests.ValidLoginLogoutTest#testValidLoginLogout</h3><table class="result"><tr><th>Messages</th></tr><tr><td><div class="messages"> Title is matching= actiTIME - Login<br/>valid Username: admin<br/>valid password: manager<br/> Title is matching= actiTIME - Enter Time-Track</div></td></tr><tr><th>Exception</th></tr><tr><td><div class="stacktrace">org.openqa.selenium.ElementClickInterceptedException: Element &lt;a id=&quot;logoutLink&quot; class=&quot;logout&quot; href=&quot;/logout.do&quot;&gt; is not clickable at point (1222,17) because another element &lt;div id=&quot;preInsertedTransformedMoireId&quot; class=&quot;transformedMoireClass&quot;&gt; obscures it
Build info: version: &apos;3.141.59&apos;, revision: &apos;e82be7d358&apos;, time: &apos;2018-11-14T08:25:48&apos;
System info: host: &apos;LAPTOP-6GEIL6I9&apos;, ip: &apos;192.168.1.5&apos;, os.name: &apos;Windows 10&apos;, os.arch: &apos;amd64&apos;, os.version: &apos;10.0&apos;, java.version: &apos;1.8.0_221&apos;
Driver info: org.openqa.selenium.firefox.FirefoxDriver
Capabilities {acceptInsecureCerts: true, browserName: firefox, browserVersion: 71.0, javascriptEnabled: true, moz:accessibilityChecks: false, moz:buildID: 20191202093317, moz:geckodriverVersion: 0.24.0, moz:headless: false, moz:processID: 18648, moz:profile: C:\Users\Shwetha\AppData\Lo..., moz:shutdownTimeout: 60000, moz:useNonSpecCompliantPointerOrigin: false, moz:webdriverClick: true, pageLoadStrategy: normal, platform: WINDOWS, platformName: WINDOWS, platformVersion: 10.0, rotatable: false, setWindowRect: true, strictFileInteractability: false, timeouts: {implicit: 0, pageLoad: 300000, script: 30000}, unhandledPromptBehavior: dismiss and notify}
Session ID: a63722f6-8948-477d-8b8f-ccc95f715a6d
	at org.openqa.selenium.remote.http.W3CHttpResponseCodec.createException(W3CHttpResponseCodec.java:187)
	at org.openqa.selenium.remote.http.W3CHttpResponseCodec.decode(W3CHttpResponseCodec.java:122)
	at org.openqa.selenium.remote.http.W3CHttpResponseCodec.decode(W3CHttpResponseCodec.java:49)
	at org.openqa.selenium.remote.HttpCommandExecutor.execute(HttpCommandExecutor.java:158)
	at org.openqa.selenium.remote.service.DriverCommandExecutor.execute(DriverCommandExecutor.java:83)
	at org.openqa.selenium.remote.RemoteWebDriver.execute(RemoteWebDriver.java:552)
	at org.openqa.selenium.remote.RemoteWebElement.execute(RemoteWebElement.java:285)
	at org.openqa.selenium.remote.RemoteWebElement.click(RemoteWebElement.java:84)
	at org.openqa.selenium.support.pagefactory.internal.LocatingElementHandler.invoke(LocatingElementHandler.java:51)
	at com.sun.proxy.$Proxy9.click(Unknown Source)
	at com.actitime.pages.EnterTimeTrackerPage.clickOnLogOut(EnterTimeTrackerPage.java:26)
	at com.actitime.tests.ValidLoginLogoutTest.testValidLoginLogout(ValidLoginLogoutTest.java:43)
... Removed 33 stack frames</div></td></tr></table><p class="totop"><a href="#summary">back to summary</a></p>
<h3 id="m2">com.actitime.tests.InvalidLoginTest#testInvalidLogin</h3><table class="result"><tr><th>Messages</th></tr><tr><td><div class="messages"> Title is matching= actiTIME - Login<br/>Invalid Username: <br/>Invalid password: <br/>Element is Displayed<br/>Actual Error message :Username or Password is invalid. Please try again.<br/> Expected Error message: Username or Password is invalid. Please try again.<br/>Both Error Messages are Matching.....<br/>================================<br/>Invalid Username: <br/>Invalid password: <br/>Element is Displayed<br/>Actual Error message :Username or Password is invalid. Please try again.<br/> Expected Error message: Username or Password is invalid. Please try again.<br/>Both Error Messages are Matching.....<br/>================================<br/>Invalid Username: <br/>Invalid password: <br/>Element is Displayed<br/>Actual Error message :Username or Password is invalid. Please try again.<br/> Expected Error message: Username or Password is invalid. Please try again.<br/>Both Error Messages are Matching.....<br/>================================<br/>Invalid Username: <br/>Invalid password: <br/>Element is Displayed<br/>Actual Error message :Username or Password is invalid. Please try again.<br/> Expected Error message: Username or Password is invalid. Please try again.<br/>Both Error Messages are Matching.....<br/>================================<br/>Invalid Username: <br/>Invalid password: <br/>Element is Displayed<br/>Actual Error message :Username or Password is invalid. Please try again.<br/> Expected Error message: Username or Password is invalid. Please try again.<br/>Both Error Messages are Matching.....<br/>================================</div></td></tr></table><p class="totop"><a href="#summary">back to summary</a></p>
<h3 id="m3">com.actitime.tests.VerifyVersionTest#testVerifyVersion</h3><table class="result"><tr><th>Messages</th></tr><tr><td><div class="messages"> Title is matching= actiTIME - Login<br/>Element is Displayed<br/>Actual Version :actiTIME 2020.1 Pro<br/> Expected  Version: actiTIME 2020.1 Pro<br/>Both Versions are Matching.....</div></td></tr></table><p class="totop"><a href="#summary">back to summary</a></p>
</body>
</html>
